<?xml version="1.0" encoding="UTF-8"?>
<testng-results skipped="0" failed="0" ignored="0" total="1" passed="1">
  <reporter-output>
  </reporter-output>
  <suite name="Default suite" duration-ms="46505" started-at="2021-03-07T13:55:28Z" finished-at="2021-03-07T13:56:15Z">
    <groups>
      <group name="cucumber">
        <method signature="AbstractTestNGCucumberTests.feature(cucumber.api.testng.CucumberFeatureWrapper)[pri:0, instance:com.testRunnar.TestRunnar@f6c48ac]" name="feature" class="cucumber.api.testng.AbstractTestNGCucumberTests"/>
      </group> <!-- cucumber -->
    </groups>
    <test name="Default test" duration-ms="46505" started-at="2021-03-07T13:55:28Z" finished-at="2021-03-07T13:56:15Z">
      <class name="com.testRunnar.TestRunnar">
        <test-method status="PASS" signature="setUpClass()[pri:0, instance:com.testRunnar.TestRunnar@f6c48ac]" name="setUpClass" is-config="true" duration-ms="189" started-at="2021-03-07T13:55:28Z" finished-at="2021-03-07T13:55:29Z">
          <reporter-output>
          </reporter-output>
        </test-method> <!-- setUpClass -->
        <test-method status="PASS" signature="feature(cucumber.api.testng.CucumberFeatureWrapper)[pri:0, instance:com.testRunnar.TestRunnar@f6c48ac]" name="feature" duration-ms="46196" started-at="2021-03-07T13:55:29Z" description="Runs Cucumber Feature" data-provider="features" finished-at="2021-03-07T13:56:15Z">
          <params>
            <param index="0">
              <value>
                <![CDATA[Search google mortgagee calculator]]>
              </value>
            </param>
          </params>
          <reporter-output>
          </reporter-output>
        </test-method> <!-- feature -->
        <test-method status="PASS" signature="tearDownClass()[pri:0, instance:com.testRunnar.TestRunnar@f6c48ac]" name="tearDownClass" is-config="true" duration-ms="1" started-at="2021-03-07T13:56:15Z" finished-at="2021-03-07T13:56:15Z">
          <reporter-output>
          </reporter-output>
        </test-method> <!-- tearDownClass -->
      </class> <!-- com.testRunnar.TestRunnar -->
    </test> <!-- Default test -->
  </suite> <!-- Default suite -->
</testng-results>
